{"/Users/prakashsamanta/TheForge/hermes/hermes-frontend/src/components/backtest/StrategyConfigPanel.tsx": {"path":"/Users/prakashsamanta/TheForge/hermes/hermes-frontend/src/components/backtest/StrategyConfigPanel.tsx","statementMap":{"0":{"start":{"line":24,"column":44},"end":{"line":152,"column":null}},"1":{"start":{"line":167,"column":8},"end":{"line":170,"column":null}},"2":{"start":{"line":168,"column":10},"end":{"line":168,"column":null}},"3":{"start":{"line":179,"column":2},"end":{"line":211,"column":null}},"4":{"start":{"line":182,"column":42},"end":{"line":182,"column":null}},"5":{"start":{"line":183,"column":22},"end":{"line":183,"column":null}},"6":{"start":{"line":185,"column":4},"end":{"line":190,"column":null}},"7":{"start":{"line":186,"column":6},"end":{"line":186,"column":null}},"8":{"start":{"line":187,"column":6},"end":{"line":189,"column":null}},"9":{"start":{"line":188,"column":8},"end":{"line":188,"column":null}},"10":{"start":{"line":192,"column":4},"end":{"line":210,"column":null}},"11":{"start":{"line":198,"column":47},"end":{"line":198,"column":null}},"12":{"start":{"line":199,"column":6},"end":{"line":204,"column":null}},"13":{"start":{"line":200,"column":8},"end":{"line":203,"column":null}},"14":{"start":{"line":207,"column":6},"end":{"line":209,"column":null}},"15":{"start":{"line":208,"column":8},"end":{"line":208,"column":null}},"16":{"start":{"line":214,"column":23},"end":{"line":219,"column":null}},"17":{"start":{"line":215,"column":4},"end":{"line":218,"column":null}},"18":{"start":{"line":221,"column":2},"end":{"line":236,"column":null}},"19":{"start":{"line":222,"column":4},"end":{"line":234,"column":null}},"20":{"start":{"line":238,"column":2},"end":{"line":318,"column":null}},"21":{"start":{"line":249,"column":12},"end":{"line":298,"column":null}},"22":{"start":{"line":273,"column":22},"end":{"line":273,"column":null}},"23":{"start":{"line":288,"column":46},"end":{"line":288,"column":null}},"24":{"start":{"line":310,"column":50},"end":{"line":310,"column":null}},"25":{"start":{"line":311,"column":12},"end":{"line":311,"column":null}},"26":{"start":{"line":311,"column":35},"end":{"line":311,"column":68}},"27":{"start":{"line":312,"column":12},"end":{"line":312,"column":null}}},"fnMap":{"0":{"name":"StrategyConfigPanel","decl":{"start":{"line":162,"column":16},"end":{"line":162,"column":36}},"loc":{"start":{"line":166,"column":29},"end":{"line":320,"column":null}},"line":166},"1":{"name":"(anonymous_1)","decl":{"start":{"line":168,"column":4},"end":{"line":168,"column":10}},"loc":{"start":{"line":168,"column":10},"end":{"line":168,"column":null}},"line":168},"2":{"name":"(anonymous_2)","decl":{"start":{"line":179,"column":12},"end":{"line":179,"column":18}},"loc":{"start":{"line":179,"column":18},"end":{"line":211,"column":5}},"line":179},"3":{"name":"(anonymous_3)","decl":{"start":{"line":185,"column":19},"end":{"line":185,"column":20}},"loc":{"start":{"line":185,"column":26},"end":{"line":190,"column":5}},"line":185},"4":{"name":"(anonymous_4)","decl":{"start":{"line":199,"column":21},"end":{"line":199,"column":22}},"loc":{"start":{"line":199,"column":28},"end":{"line":204,"column":7}},"line":199},"5":{"name":"(anonymous_5)","decl":{"start":{"line":214,"column":23},"end":{"line":214,"column":24}},"loc":{"start":{"line":214,"column":52},"end":{"line":219,"column":null}},"line":214},"6":{"name":"(anonymous_6)","decl":{"start":{"line":248,"column":22},"end":{"line":248,"column":23}},"loc":{"start":{"line":249,"column":12},"end":{"line":298,"column":null}},"line":249},"7":{"name":"(anonymous_7)","decl":{"start":{"line":272,"column":35},"end":{"line":272,"column":36}},"loc":{"start":{"line":273,"column":22},"end":{"line":273,"column":null}},"line":273},"8":{"name":"(anonymous_8)","decl":{"start":{"line":288,"column":37},"end":{"line":288,"column":38}},"loc":{"start":{"line":288,"column":46},"end":{"line":288,"column":null}},"line":288},"9":{"name":"(anonymous_9)","decl":{"start":{"line":307,"column":19},"end":{"line":307,"column":25}},"loc":{"start":{"line":307,"column":25},"end":{"line":313,"column":null}},"line":307},"10":{"name":"(anonymous_10)","decl":{"start":{"line":311,"column":27},"end":{"line":311,"column":28}},"loc":{"start":{"line":311,"column":35},"end":{"line":311,"column":68}},"line":311}},"branchMap":{"0":{"loc":{"start":{"line":168,"column":10},"end":{"line":168,"column":null}},"type":"binary-expr","locations":[{"start":{"line":168,"column":10},"end":{"line":168,"column":44}},{"start":{"line":168,"column":44},"end":{"line":168,"column":null}}],"line":168},"1":{"loc":{"start":{"line":187,"column":6},"end":{"line":189,"column":null}},"type":"if","locations":[{"start":{"line":187,"column":6},"end":{"line":189,"column":null}},{"start":{},"end":{}}],"line":187},"2":{"loc":{"start":{"line":192,"column":4},"end":{"line":210,"column":null}},"type":"if","locations":[{"start":{"line":192,"column":4},"end":{"line":210,"column":null}},{"start":{},"end":{}}],"line":192},"3":{"loc":{"start":{"line":192,"column":8},"end":{"line":192,"column":64}},"type":"binary-expr","locations":[{"start":{"line":192,"column":8},"end":{"line":192,"column":23}},{"start":{"line":192,"column":23},"end":{"line":192,"column":64}}],"line":192},"4":{"loc":{"start":{"line":201,"column":10},"end":{"line":203,"column":null}},"type":"cond-expr","locations":[{"start":{"line":202,"column":14},"end":{"line":202,"column":null}},{"start":{"line":203,"column":14},"end":{"line":203,"column":null}}],"line":201},"5":{"loc":{"start":{"line":207,"column":6},"end":{"line":209,"column":null}},"type":"if","locations":[{"start":{"line":207,"column":6},"end":{"line":209,"column":null}},{"start":{},"end":{}}],"line":207},"6":{"loc":{"start":{"line":221,"column":2},"end":{"line":236,"column":null}},"type":"if","locations":[{"start":{"line":221,"column":2},"end":{"line":236,"column":null}},{"start":{},"end":{}}],"line":221},"7":{"loc":{"start":{"line":262,"column":15},"end":{"line":278,"column":null}},"type":"binary-expr","locations":[{"start":{"line":262,"column":15},"end":{"line":262,"column":null}},{"start":{"line":263,"column":16},"end":{"line":278,"column":null}}],"line":262},"8":{"loc":{"start":{"line":268,"column":26},"end":{"line":268,"column":null}},"type":"binary-expr","locations":[{"start":{"line":268,"column":26},"end":{"line":268,"column":40}},{"start":{"line":268,"column":40},"end":{"line":268,"column":null}}],"line":268},"9":{"loc":{"start":{"line":270,"column":29},"end":{"line":270,"column":75}},"type":"binary-expr","locations":[{"start":{"line":270,"column":29},"end":{"line":270,"column":57}},{"start":{"line":270,"column":57},"end":{"line":270,"column":75}}],"line":270},"10":{"loc":{"start":{"line":281,"column":15},"end":{"line":290,"column":null}},"type":"binary-expr","locations":[{"start":{"line":281,"column":15},"end":{"line":281,"column":null}},{"start":{"line":282,"column":16},"end":{"line":290,"column":null}}],"line":281},"11":{"loc":{"start":{"line":284,"column":21},"end":{"line":284,"column":null}},"type":"binary-expr","locations":[{"start":{"line":284,"column":21},"end":{"line":284,"column":42}},{"start":{"line":284,"column":42},"end":{"line":284,"column":null}}],"line":284},"12":{"loc":{"start":{"line":293,"column":15},"end":{"line":296,"column":null}},"type":"binary-expr","locations":[{"start":{"line":293,"column":15},"end":{"line":293,"column":36}},{"start":{"line":293,"column":36},"end":{"line":293,"column":null}},{"start":{"line":294,"column":16},"end":{"line":296,"column":null}}],"line":293}},"s":{"0":1,"1":7,"2":7,"3":7,"4":7,"5":7,"6":7,"7":14,"8":14,"9":13,"10":7,"11":7,"12":7,"13":14,"14":7,"15":6,"16":7,"17":0,"18":7,"19":1,"20":6,"21":14,"22":0,"23":0,"24":1,"25":1,"26":2,"27":1},"f":{"0":7,"1":7,"2":7,"3":14,"4":14,"5":0,"6":14,"7":0,"8":0,"9":1,"10":2},"b":{"0":[7,1],"1":[13,1],"2":[7,0],"3":[7,1],"4":[1,13],"5":[6,1],"6":[1,6],"7":[14,14],"8":[14,3],"9":[14,13],"10":[14,0],"11":[0,0],"12":[14,3,3]},"meta":{"lastBranch":13,"lastFunction":11,"lastStatement":28,"seen":{"s:24:44:152:Infinity":0,"f:162:16:162:36":0,"s:167:8:170:Infinity":1,"f:168:4:168:10":1,"s:168:10:168:Infinity":2,"b:168:10:168:44:168:44:168:Infinity":0,"s:179:2:211:Infinity":3,"f:179:12:179:18":2,"s:182:42:182:Infinity":4,"s:183:22:183:Infinity":5,"s:185:4:190:Infinity":6,"f:185:19:185:20":3,"s:186:6:186:Infinity":7,"b:187:6:189:Infinity:undefined:undefined:undefined:undefined":1,"s:187:6:189:Infinity":8,"s:188:8:188:Infinity":9,"b:192:4:210:Infinity:undefined:undefined:undefined:undefined":2,"s:192:4:210:Infinity":10,"b:192:8:192:23:192:23:192:64":3,"s:198:47:198:Infinity":11,"s:199:6:204:Infinity":12,"f:199:21:199:22":4,"s:200:8:203:Infinity":13,"b:202:14:202:Infinity:203:14:203:Infinity":4,"b:207:6:209:Infinity:undefined:undefined:undefined:undefined":5,"s:207:6:209:Infinity":14,"s:208:8:208:Infinity":15,"s:214:23:219:Infinity":16,"f:214:23:214:24":5,"s:215:4:218:Infinity":17,"b:221:2:236:Infinity:undefined:undefined:undefined:undefined":6,"s:221:2:236:Infinity":18,"s:222:4:234:Infinity":19,"s:238:2:318:Infinity":20,"f:248:22:248:23":6,"s:249:12:298:Infinity":21,"b:262:15:262:Infinity:263:16:278:Infinity":7,"b:268:26:268:40:268:40:268:Infinity":8,"b:270:29:270:57:270:57:270:75":9,"f:272:35:272:36":7,"s:273:22:273:Infinity":22,"b:281:15:281:Infinity:282:16:290:Infinity":10,"b:284:21:284:42:284:42:284:Infinity":11,"f:288:37:288:38":8,"s:288:46:288:Infinity":23,"b:293:15:293:36:293:36:293:Infinity:294:16:296:Infinity":12,"f:307:19:307:25":9,"s:310:50:310:Infinity":24,"s:311:12:311:Infinity":25,"f:311:27:311:28":10,"s:311:35:311:68":26,"s:312:12:312:Infinity":27}}}
,"/Users/prakashsamanta/TheForge/hermes/hermes-frontend/src/components/dashboard/AdvancedSettingsDialog.tsx": {"path":"/Users/prakashsamanta/TheForge/hermes/hermes-frontend/src/components/dashboard/AdvancedSettingsDialog.tsx","statementMap":{"0":{"start":{"line":26,"column":2},"end":{"line":72,"column":null}},"1":{"start":{"line":47,"column":31},"end":{"line":47,"column":null}},"2":{"start":{"line":63,"column":31},"end":{"line":63,"column":null}}},"fnMap":{"0":{"name":"AdvancedSettingsDialog","decl":{"start":{"line":20,"column":16},"end":{"line":20,"column":39}},"loc":{"start":{"line":25,"column":32},"end":{"line":74,"column":null}},"line":25},"1":{"name":"(anonymous_1)","decl":{"start":{"line":47,"column":24},"end":{"line":47,"column":25}},"loc":{"start":{"line":47,"column":31},"end":{"line":47,"column":null}},"line":47},"2":{"name":"(anonymous_2)","decl":{"start":{"line":63,"column":24},"end":{"line":63,"column":25}},"loc":{"start":{"line":63,"column":31},"end":{"line":63,"column":null}},"line":63}},"branchMap":{"0":{"loc":{"start":{"line":47,"column":43},"end":{"line":47,"column":74}},"type":"binary-expr","locations":[{"start":{"line":47,"column":43},"end":{"line":47,"column":73}},{"start":{"line":47,"column":73},"end":{"line":47,"column":74}}],"line":47},"1":{"loc":{"start":{"line":63,"column":45},"end":{"line":63,"column":76}},"type":"binary-expr","locations":[{"start":{"line":63,"column":45},"end":{"line":63,"column":75}},{"start":{"line":63,"column":75},"end":{"line":63,"column":76}}],"line":63}},"s":{"0":9,"1":1,"2":1},"f":{"0":9,"1":1,"2":1},"b":{"0":[1,0],"1":[1,0]},"meta":{"lastBranch":2,"lastFunction":3,"lastStatement":3,"seen":{"f:20:16:20:39":0,"s:26:2:72:Infinity":0,"f:47:24:47:25":1,"s:47:31:47:Infinity":1,"b:47:43:47:73:47:73:47:74":0,"f:63:24:63:25":2,"s:63:31:63:Infinity":2,"b:63:45:63:75:63:75:63:76":1}}}
,"/Users/prakashsamanta/TheForge/hermes/hermes-frontend/src/components/dashboard/DashboardHeader.tsx": {"path":"/Users/prakashsamanta/TheForge/hermes/hermes-frontend/src/components/dashboard/DashboardHeader.tsx","statementMap":{"0":{"start":{"line":67,"column":2},"end":{"line":198,"column":null}},"1":{"start":{"line":97,"column":18},"end":{"line":99,"column":null}},"2":{"start":{"line":117,"column":20},"end":{"line":119,"column":null}},"3":{"start":{"line":127,"column":18},"end":{"line":127,"column":null}},"4":{"start":{"line":145,"column":31},"end":{"line":145,"column":null}},"5":{"start":{"line":157,"column":31},"end":{"line":157,"column":null}},"6":{"start":{"line":168,"column":38},"end":{"line":168,"column":null}}},"fnMap":{"0":{"name":"DashboardHeader","decl":{"start":{"line":41,"column":16},"end":{"line":41,"column":32}},"loc":{"start":{"line":66,"column":25},"end":{"line":200,"column":null}},"line":66},"1":{"name":"(anonymous_1)","decl":{"start":{"line":96,"column":32},"end":{"line":96,"column":33}},"loc":{"start":{"line":97,"column":18},"end":{"line":99,"column":null}},"line":97},"2":{"name":"(anonymous_2)","decl":{"start":{"line":116,"column":35},"end":{"line":116,"column":36}},"loc":{"start":{"line":117,"column":20},"end":{"line":119,"column":null}},"line":117},"3":{"name":"(anonymous_3)","decl":{"start":{"line":126,"column":26},"end":{"line":126,"column":27}},"loc":{"start":{"line":127,"column":18},"end":{"line":127,"column":null}},"line":127},"4":{"name":"(anonymous_4)","decl":{"start":{"line":145,"column":24},"end":{"line":145,"column":25}},"loc":{"start":{"line":145,"column":31},"end":{"line":145,"column":null}},"line":145},"5":{"name":"(anonymous_5)","decl":{"start":{"line":157,"column":24},"end":{"line":157,"column":25}},"loc":{"start":{"line":157,"column":31},"end":{"line":157,"column":null}},"line":157},"6":{"name":"(anonymous_6)","decl":{"start":{"line":168,"column":29},"end":{"line":168,"column":30}},"loc":{"start":{"line":168,"column":38},"end":{"line":168,"column":null}},"line":168}},"branchMap":{"0":{"loc":{"start":{"line":42,"column":2},"end":{"line":48,"column":null}},"type":"default-arg","locations":[{"start":{"line":42,"column":15},"end":{"line":48,"column":null}}],"line":42},"1":{"loc":{"start":{"line":56,"column":2},"end":{"line":56,"column":null}},"type":"default-arg","locations":[{"start":{"line":56,"column":9},"end":{"line":56,"column":null}}],"line":56},"2":{"loc":{"start":{"line":80,"column":13},"end":{"line":80,"column":null}},"type":"cond-expr","locations":[{"start":{"line":80,"column":25},"end":{"line":80,"column":48}},{"start":{"line":80,"column":48},"end":{"line":80,"column":null}}],"line":80},"3":{"loc":{"start":{"line":110,"column":13},"end":{"line":131,"column":null}},"type":"cond-expr","locations":[{"start":{"line":111,"column":14},"end":{"line":122,"column":null}},{"start":{"line":124,"column":14},"end":{"line":131,"column":null}}],"line":110},"4":{"loc":{"start":{"line":144,"column":21},"end":{"line":144,"column":null}},"type":"binary-expr","locations":[{"start":{"line":144,"column":21},"end":{"line":144,"column":35}},{"start":{"line":144,"column":35},"end":{"line":144,"column":null}}],"line":144},"5":{"loc":{"start":{"line":156,"column":21},"end":{"line":156,"column":null}},"type":"binary-expr","locations":[{"start":{"line":156,"column":21},"end":{"line":156,"column":33}},{"start":{"line":156,"column":33},"end":{"line":156,"column":null}}],"line":156},"6":{"loc":{"start":{"line":187,"column":15},"end":{"line":187,"column":null}},"type":"cond-expr","locations":[{"start":{"line":187,"column":27},"end":{"line":187,"column":41}},{"start":{"line":187,"column":41},"end":{"line":187,"column":null}}],"line":187}},"s":{"0":5,"1":10,"2":8,"3":5,"4":1,"5":1,"6":0},"f":{"0":5,"1":10,"2":8,"3":5,"4":1,"5":1,"6":0},"b":{"0":[5],"1":[5],"2":[1,4],"3":[4,1],"4":[5,0],"5":[5,0],"6":[1,4]},"meta":{"lastBranch":7,"lastFunction":7,"lastStatement":7,"seen":{"f:41:16:41:32":0,"b:42:15:48:Infinity":0,"b:56:9:56:Infinity":1,"s:67:2:198:Infinity":0,"b:80:25:80:48:80:48:80:Infinity":2,"f:96:32:96:33":1,"s:97:18:99:Infinity":1,"b:111:14:122:Infinity:124:14:131:Infinity":3,"f:116:35:116:36":2,"s:117:20:119:Infinity":2,"f:126:26:126:27":3,"s:127:18:127:Infinity":3,"b:144:21:144:35:144:35:144:Infinity":4,"f:145:24:145:25":4,"s:145:31:145:Infinity":4,"b:156:21:156:33:156:33:156:Infinity":5,"f:157:24:157:25":5,"s:157:31:157:Infinity":5,"f:168:29:168:30":6,"s:168:38:168:Infinity":6,"b:187:27:187:41:187:41:187:Infinity":6}}}
,"/Users/prakashsamanta/TheForge/hermes/hermes-frontend/src/components/ui/button.tsx": {"path":"/Users/prakashsamanta/TheForge/hermes/hermes-frontend/src/components/ui/button.tsx","statementMap":{"0":{"start":{"line":7,"column":6},"end":{"line":34,"column":null}},"1":{"start":{"line":43,"column":15},"end":{"line":54,"column":null}},"2":{"start":{"line":45,"column":17},"end":{"line":45,"column":null}},"3":{"start":{"line":46,"column":4},"end":{"line":51,"column":null}},"4":{"start":{"line":55,"column":0},"end":{"line":55,"column":null}}},"fnMap":{"0":{"name":"(anonymous_0)","decl":{"start":{"line":44,"column":2},"end":{"line":44,"column":3}},"loc":{"start":{"line":44,"column":68},"end":{"line":53,"column":null}},"line":44}},"branchMap":{"0":{"loc":{"start":{"line":44,"column":31},"end":{"line":44,"column":48}},"type":"default-arg","locations":[{"start":{"line":44,"column":41},"end":{"line":44,"column":48}}],"line":44},"1":{"loc":{"start":{"line":45,"column":17},"end":{"line":45,"column":null}},"type":"cond-expr","locations":[{"start":{"line":45,"column":27},"end":{"line":45,"column":34}},{"start":{"line":45,"column":34},"end":{"line":45,"column":null}}],"line":45}},"s":{"0":4,"1":4,"2":21,"3":21,"4":4},"f":{"0":21},"b":{"0":[21],"1":[0,21]},"meta":{"lastBranch":2,"lastFunction":1,"lastStatement":5,"seen":{"s:7:6:34:Infinity":0,"s:43:15:54:Infinity":1,"f:44:2:44:3":0,"b:44:41:44:48":0,"s:45:17:45:Infinity":2,"b:45:27:45:34:45:34:45:Infinity":1,"s:46:4:51:Infinity":3,"s:55:0:55:Infinity":4}}}
,"/Users/prakashsamanta/TheForge/hermes/hermes-frontend/src/components/ui/card.tsx": {"path":"/Users/prakashsamanta/TheForge/hermes/hermes-frontend/src/components/ui/card.tsx","statementMap":{"0":{"start":{"line":5,"column":13},"end":{"line":17,"column":null}},"1":{"start":{"line":9,"column":2},"end":{"line":16,"column":null}},"2":{"start":{"line":18,"column":0},"end":{"line":18,"column":null}},"3":{"start":{"line":20,"column":19},"end":{"line":29,"column":null}},"4":{"start":{"line":24,"column":2},"end":{"line":28,"column":null}},"5":{"start":{"line":30,"column":0},"end":{"line":30,"column":null}},"6":{"start":{"line":32,"column":18},"end":{"line":44,"column":null}},"7":{"start":{"line":36,"column":2},"end":{"line":43,"column":null}},"8":{"start":{"line":45,"column":0},"end":{"line":45,"column":null}},"9":{"start":{"line":47,"column":24},"end":{"line":56,"column":null}},"10":{"start":{"line":51,"column":2},"end":{"line":55,"column":null}},"11":{"start":{"line":57,"column":0},"end":{"line":57,"column":null}},"12":{"start":{"line":59,"column":20},"end":{"line":64,"column":null}},"13":{"start":{"line":63,"column":2},"end":{"line":63,"column":null}},"14":{"start":{"line":65,"column":0},"end":{"line":65,"column":null}},"15":{"start":{"line":67,"column":19},"end":{"line":76,"column":null}},"16":{"start":{"line":71,"column":2},"end":{"line":75,"column":null}},"17":{"start":{"line":77,"column":0},"end":{"line":77,"column":null}}},"fnMap":{"0":{"name":"(anonymous_0)","decl":{"start":{"line":8,"column":2},"end":{"line":8,"column":3}},"loc":{"start":{"line":9,"column":2},"end":{"line":16,"column":null}},"line":9},"1":{"name":"(anonymous_1)","decl":{"start":{"line":23,"column":2},"end":{"line":23,"column":3}},"loc":{"start":{"line":24,"column":2},"end":{"line":28,"column":null}},"line":24},"2":{"name":"(anonymous_2)","decl":{"start":{"line":35,"column":2},"end":{"line":35,"column":3}},"loc":{"start":{"line":36,"column":2},"end":{"line":43,"column":null}},"line":36},"3":{"name":"(anonymous_3)","decl":{"start":{"line":50,"column":2},"end":{"line":50,"column":3}},"loc":{"start":{"line":51,"column":2},"end":{"line":55,"column":null}},"line":51},"4":{"name":"(anonymous_4)","decl":{"start":{"line":62,"column":2},"end":{"line":62,"column":3}},"loc":{"start":{"line":63,"column":2},"end":{"line":63,"column":null}},"line":63},"5":{"name":"(anonymous_5)","decl":{"start":{"line":70,"column":2},"end":{"line":70,"column":3}},"loc":{"start":{"line":71,"column":2},"end":{"line":75,"column":null}},"line":71}},"branchMap":{},"s":{"0":4,"1":24,"2":4,"3":4,"4":8,"5":4,"6":4,"7":7,"8":4,"9":4,"10":0,"11":4,"12":4,"13":8,"14":4,"15":4,"16":0,"17":4},"f":{"0":24,"1":8,"2":7,"3":0,"4":8,"5":0},"b":{},"meta":{"lastBranch":0,"lastFunction":6,"lastStatement":18,"seen":{"s:5:13:17:Infinity":0,"f:8:2:8:3":0,"s:9:2:16:Infinity":1,"s:18:0:18:Infinity":2,"s:20:19:29:Infinity":3,"f:23:2:23:3":1,"s:24:2:28:Infinity":4,"s:30:0:30:Infinity":5,"s:32:18:44:Infinity":6,"f:35:2:35:3":2,"s:36:2:43:Infinity":7,"s:45:0:45:Infinity":8,"s:47:24:56:Infinity":9,"f:50:2:50:3":3,"s:51:2:55:Infinity":10,"s:57:0:57:Infinity":11,"s:59:20:64:Infinity":12,"f:62:2:62:3":4,"s:63:2:63:Infinity":13,"s:65:0:65:Infinity":14,"s:67:19:76:Infinity":15,"f:70:2:70:3":5,"s:71:2:75:Infinity":16,"s:77:0:77:Infinity":17}}}
,"/Users/prakashsamanta/TheForge/hermes/hermes-frontend/src/components/ui/dialog.tsx": {"path":"/Users/prakashsamanta/TheForge/hermes/hermes-frontend/src/components/ui/dialog.tsx","statementMap":{"0":{"start":{"line":7,"column":15},"end":{"line":7,"column":null}},"1":{"start":{"line":9,"column":22},"end":{"line":9,"column":null}},"2":{"start":{"line":11,"column":21},"end":{"line":11,"column":null}},"3":{"start":{"line":13,"column":20},"end":{"line":13,"column":null}},"4":{"start":{"line":15,"column":22},"end":{"line":27,"column":null}},"5":{"start":{"line":19,"column":2},"end":{"line":26,"column":null}},"6":{"start":{"line":28,"column":0},"end":{"line":28,"column":null}},"7":{"start":{"line":30,"column":22},"end":{"line":51,"column":null}},"8":{"start":{"line":34,"column":2},"end":{"line":50,"column":null}},"9":{"start":{"line":52,"column":0},"end":{"line":52,"column":null}},"10":{"start":{"line":54,"column":21},"end":{"line":64,"column":null}},"11":{"start":{"line":58,"column":2},"end":{"line":64,"column":null}},"12":{"start":{"line":66,"column":0},"end":{"line":66,"column":null}},"13":{"start":{"line":68,"column":21},"end":{"line":78,"column":null}},"14":{"start":{"line":72,"column":2},"end":{"line":78,"column":null}},"15":{"start":{"line":80,"column":0},"end":{"line":80,"column":null}},"16":{"start":{"line":82,"column":20},"end":{"line":94,"column":null}},"17":{"start":{"line":86,"column":2},"end":{"line":93,"column":null}},"18":{"start":{"line":95,"column":0},"end":{"line":95,"column":null}},"19":{"start":{"line":97,"column":26},"end":{"line":106,"column":null}},"20":{"start":{"line":101,"column":2},"end":{"line":105,"column":null}},"21":{"start":{"line":107,"column":0},"end":{"line":107,"column":null}}},"fnMap":{"0":{"name":"(anonymous_0)","decl":{"start":{"line":18,"column":2},"end":{"line":18,"column":3}},"loc":{"start":{"line":19,"column":2},"end":{"line":26,"column":null}},"line":19},"1":{"name":"(anonymous_1)","decl":{"start":{"line":33,"column":2},"end":{"line":33,"column":3}},"loc":{"start":{"line":34,"column":2},"end":{"line":50,"column":null}},"line":34},"2":{"name":"(anonymous_2)","decl":{"start":{"line":54,"column":21},"end":{"line":54,"column":22}},"loc":{"start":{"line":58,"column":2},"end":{"line":64,"column":null}},"line":58},"3":{"name":"(anonymous_3)","decl":{"start":{"line":68,"column":21},"end":{"line":68,"column":22}},"loc":{"start":{"line":72,"column":2},"end":{"line":78,"column":null}},"line":72},"4":{"name":"(anonymous_4)","decl":{"start":{"line":85,"column":2},"end":{"line":85,"column":3}},"loc":{"start":{"line":86,"column":2},"end":{"line":93,"column":null}},"line":86},"5":{"name":"(anonymous_5)","decl":{"start":{"line":100,"column":2},"end":{"line":100,"column":3}},"loc":{"start":{"line":101,"column":2},"end":{"line":105,"column":null}},"line":101}},"branchMap":{},"s":{"0":1,"1":1,"2":1,"3":1,"4":1,"5":0,"6":1,"7":1,"8":5,"9":1,"10":1,"11":0,"12":1,"13":1,"14":0,"15":1,"16":1,"17":0,"18":1,"19":1,"20":0,"21":1},"f":{"0":0,"1":5,"2":0,"3":0,"4":0,"5":0},"b":{},"meta":{"lastBranch":0,"lastFunction":6,"lastStatement":22,"seen":{"s:7:15:7:Infinity":0,"s:9:22:9:Infinity":1,"s:11:21:11:Infinity":2,"s:13:20:13:Infinity":3,"s:15:22:27:Infinity":4,"f:18:2:18:3":0,"s:19:2:26:Infinity":5,"s:28:0:28:Infinity":6,"s:30:22:51:Infinity":7,"f:33:2:33:3":1,"s:34:2:50:Infinity":8,"s:52:0:52:Infinity":9,"s:54:21:64:Infinity":10,"f:54:21:54:22":2,"s:58:2:64:Infinity":11,"s:66:0:66:Infinity":12,"s:68:21:78:Infinity":13,"f:68:21:68:22":3,"s:72:2:78:Infinity":14,"s:80:0:80:Infinity":15,"s:82:20:94:Infinity":16,"f:85:2:85:3":4,"s:86:2:93:Infinity":17,"s:95:0:95:Infinity":18,"s:97:26:106:Infinity":19,"f:100:2:100:3":5,"s:101:2:105:Infinity":20,"s:107:0:107:Infinity":21}}}
,"/Users/prakashsamanta/TheForge/hermes/hermes-frontend/src/components/ui/input.tsx": {"path":"/Users/prakashsamanta/TheForge/hermes/hermes-frontend/src/components/ui/input.tsx","statementMap":{"0":{"start":{"line":5,"column":14},"end":{"line":19,"column":null}},"1":{"start":{"line":7,"column":4},"end":{"line":16,"column":null}},"2":{"start":{"line":20,"column":0},"end":{"line":20,"column":null}}},"fnMap":{"0":{"name":"(anonymous_0)","decl":{"start":{"line":6,"column":2},"end":{"line":6,"column":3}},"loc":{"start":{"line":6,"column":42},"end":{"line":18,"column":null}},"line":6}},"branchMap":{},"s":{"0":3,"1":20,"2":3},"f":{"0":20},"b":{},"meta":{"lastBranch":0,"lastFunction":1,"lastStatement":3,"seen":{"s:5:14:19:Infinity":0,"f:6:2:6:3":0,"s:7:4:16:Infinity":1,"s:20:0:20:Infinity":2}}}
,"/Users/prakashsamanta/TheForge/hermes/hermes-frontend/src/components/ui/label.tsx": {"path":"/Users/prakashsamanta/TheForge/hermes/hermes-frontend/src/components/ui/label.tsx","statementMap":{"0":{"start":{"line":7,"column":6},"end":{"line":9,"column":null}},"1":{"start":{"line":11,"column":14},"end":{"line":21,"column":null}},"2":{"start":{"line":16,"column":2},"end":{"line":20,"column":null}},"3":{"start":{"line":22,"column":0},"end":{"line":22,"column":null}}},"fnMap":{"0":{"name":"(anonymous_0)","decl":{"start":{"line":15,"column":2},"end":{"line":15,"column":3}},"loc":{"start":{"line":16,"column":2},"end":{"line":20,"column":null}},"line":16}},"branchMap":{},"s":{"0":4,"1":4,"2":48,"3":4},"f":{"0":48},"b":{},"meta":{"lastBranch":0,"lastFunction":1,"lastStatement":4,"seen":{"s:7:6:9:Infinity":0,"s:11:14:21:Infinity":1,"f:15:2:15:3":0,"s:16:2:20:Infinity":2,"s:22:0:22:Infinity":3}}}
,"/Users/prakashsamanta/TheForge/hermes/hermes-frontend/src/components/ui/scroll-area.tsx": {"path":"/Users/prakashsamanta/TheForge/hermes/hermes-frontend/src/components/ui/scroll-area.tsx","statementMap":{"0":{"start":{"line":8,"column":19},"end":{"line":23,"column":null}},"1":{"start":{"line":12,"column":2},"end":{"line":22,"column":null}},"2":{"start":{"line":24,"column":0},"end":{"line":24,"column":null}},"3":{"start":{"line":26,"column":18},"end":{"line":45,"column":null}},"4":{"start":{"line":30,"column":2},"end":{"line":44,"column":null}},"5":{"start":{"line":46,"column":0},"end":{"line":46,"column":null}}},"fnMap":{"0":{"name":"(anonymous_0)","decl":{"start":{"line":11,"column":2},"end":{"line":11,"column":3}},"loc":{"start":{"line":12,"column":2},"end":{"line":22,"column":null}},"line":12},"1":{"name":"(anonymous_1)","decl":{"start":{"line":29,"column":2},"end":{"line":29,"column":3}},"loc":{"start":{"line":30,"column":2},"end":{"line":44,"column":null}},"line":30}},"branchMap":{"0":{"loc":{"start":{"line":29,"column":16},"end":{"line":29,"column":42}},"type":"default-arg","locations":[{"start":{"line":29,"column":30},"end":{"line":29,"column":42}}],"line":29},"1":{"loc":{"start":{"line":35,"column":6},"end":{"line":36,"column":null}},"type":"binary-expr","locations":[{"start":{"line":35,"column":6},"end":{"line":35,"column":null}},{"start":{"line":36,"column":8},"end":{"line":36,"column":null}}],"line":35},"2":{"loc":{"start":{"line":37,"column":6},"end":{"line":38,"column":null}},"type":"binary-expr","locations":[{"start":{"line":37,"column":6},"end":{"line":37,"column":null}},{"start":{"line":38,"column":8},"end":{"line":38,"column":null}}],"line":37}},"s":{"0":2,"1":7,"2":2,"3":2,"4":7,"5":2},"f":{"0":7,"1":7},"b":{"0":[7],"1":[7,7],"2":[7,0]},"meta":{"lastBranch":3,"lastFunction":2,"lastStatement":6,"seen":{"s:8:19:23:Infinity":0,"f:11:2:11:3":0,"s:12:2:22:Infinity":1,"s:24:0:24:Infinity":2,"s:26:18:45:Infinity":3,"f:29:2:29:3":1,"s:30:2:44:Infinity":4,"b:29:30:29:42":0,"b:35:6:35:Infinity:36:8:36:Infinity":1,"b:37:6:37:Infinity:38:8:38:Infinity":2,"s:46:0:46:Infinity":5}}}
,"/Users/prakashsamanta/TheForge/hermes/hermes-frontend/src/components/ui/select.tsx": {"path":"/Users/prakashsamanta/TheForge/hermes/hermes-frontend/src/components/ui/select.tsx","statementMap":{"0":{"start":{"line":7,"column":15},"end":{"line":7,"column":null}},"1":{"start":{"line":9,"column":20},"end":{"line":9,"column":null}},"2":{"start":{"line":11,"column":20},"end":{"line":11,"column":null}},"3":{"start":{"line":13,"column":22},"end":{"line":30,"column":null}},"4":{"start":{"line":17,"column":2},"end":{"line":29,"column":null}},"5":{"start":{"line":31,"column":0},"end":{"line":31,"column":null}},"6":{"start":{"line":33,"column":29},"end":{"line":47,"column":null}},"7":{"start":{"line":37,"column":2},"end":{"line":46,"column":null}},"8":{"start":{"line":48,"column":0},"end":{"line":48,"column":null}},"9":{"start":{"line":50,"column":31},"end":{"line":64,"column":null}},"10":{"start":{"line":54,"column":2},"end":{"line":63,"column":null}},"11":{"start":{"line":65,"column":0},"end":{"line":66,"column":null}},"12":{"start":{"line":68,"column":22},"end":{"line":97,"column":null}},"13":{"start":{"line":72,"column":2},"end":{"line":96,"column":null}},"14":{"start":{"line":98,"column":0},"end":{"line":98,"column":null}},"15":{"start":{"line":100,"column":20},"end":{"line":109,"column":null}},"16":{"start":{"line":104,"column":2},"end":{"line":108,"column":null}},"17":{"start":{"line":110,"column":0},"end":{"line":110,"column":null}},"18":{"start":{"line":112,"column":19},"end":{"line":132,"column":null}},"19":{"start":{"line":116,"column":2},"end":{"line":131,"column":null}},"20":{"start":{"line":133,"column":0},"end":{"line":133,"column":null}},"21":{"start":{"line":135,"column":24},"end":{"line":144,"column":null}},"22":{"start":{"line":139,"column":2},"end":{"line":143,"column":null}},"23":{"start":{"line":145,"column":0},"end":{"line":145,"column":null}}},"fnMap":{"0":{"name":"(anonymous_0)","decl":{"start":{"line":16,"column":2},"end":{"line":16,"column":3}},"loc":{"start":{"line":17,"column":2},"end":{"line":29,"column":null}},"line":17},"1":{"name":"(anonymous_1)","decl":{"start":{"line":36,"column":2},"end":{"line":36,"column":3}},"loc":{"start":{"line":37,"column":2},"end":{"line":46,"column":null}},"line":37},"2":{"name":"(anonymous_2)","decl":{"start":{"line":53,"column":2},"end":{"line":53,"column":3}},"loc":{"start":{"line":54,"column":2},"end":{"line":63,"column":null}},"line":54},"3":{"name":"(anonymous_3)","decl":{"start":{"line":71,"column":2},"end":{"line":71,"column":3}},"loc":{"start":{"line":72,"column":2},"end":{"line":96,"column":null}},"line":72},"4":{"name":"(anonymous_4)","decl":{"start":{"line":103,"column":2},"end":{"line":103,"column":3}},"loc":{"start":{"line":104,"column":2},"end":{"line":108,"column":null}},"line":104},"5":{"name":"(anonymous_5)","decl":{"start":{"line":115,"column":2},"end":{"line":115,"column":3}},"loc":{"start":{"line":116,"column":2},"end":{"line":131,"column":null}},"line":116},"6":{"name":"(anonymous_6)","decl":{"start":{"line":138,"column":2},"end":{"line":138,"column":3}},"loc":{"start":{"line":139,"column":2},"end":{"line":143,"column":null}},"line":139}},"branchMap":{"0":{"loc":{"start":{"line":71,"column":26},"end":{"line":71,"column":47}},"type":"default-arg","locations":[{"start":{"line":71,"column":37},"end":{"line":71,"column":47}}],"line":71},"1":{"loc":{"start":{"line":77,"column":8},"end":{"line":78,"column":null}},"type":"binary-expr","locations":[{"start":{"line":77,"column":8},"end":{"line":77,"column":null}},{"start":{"line":78,"column":10},"end":{"line":78,"column":null}}],"line":77},"2":{"loc":{"start":{"line":88,"column":10},"end":{"line":89,"column":null}},"type":"binary-expr","locations":[{"start":{"line":88,"column":10},"end":{"line":88,"column":null}},{"start":{"line":89,"column":12},"end":{"line":89,"column":null}}],"line":88}},"s":{"0":1,"1":1,"2":1,"3":1,"4":14,"5":1,"6":1,"7":14,"8":1,"9":1,"10":14,"11":1,"12":1,"13":14,"14":1,"15":1,"16":0,"17":1,"18":1,"19":28,"20":1,"21":1,"22":0,"23":1},"f":{"0":14,"1":14,"2":14,"3":14,"4":0,"5":28,"6":0},"b":{"0":[14],"1":[14,14],"2":[14,14]},"meta":{"lastBranch":3,"lastFunction":7,"lastStatement":24,"seen":{"s:7:15:7:Infinity":0,"s:9:20:9:Infinity":1,"s:11:20:11:Infinity":2,"s:13:22:30:Infinity":3,"f:16:2:16:3":0,"s:17:2:29:Infinity":4,"s:31:0:31:Infinity":5,"s:33:29:47:Infinity":6,"f:36:2:36:3":1,"s:37:2:46:Infinity":7,"s:48:0:48:Infinity":8,"s:50:31:64:Infinity":9,"f:53:2:53:3":2,"s:54:2:63:Infinity":10,"s:65:0:66:Infinity":11,"s:68:22:97:Infinity":12,"f:71:2:71:3":3,"s:72:2:96:Infinity":13,"b:71:37:71:47":0,"b:77:8:77:Infinity:78:10:78:Infinity":1,"b:88:10:88:Infinity:89:12:89:Infinity":2,"s:98:0:98:Infinity":14,"s:100:20:109:Infinity":15,"f:103:2:103:3":4,"s:104:2:108:Infinity":16,"s:110:0:110:Infinity":17,"s:112:19:132:Infinity":18,"f:115:2:115:3":5,"s:116:2:131:Infinity":19,"s:133:0:133:Infinity":20,"s:135:24:144:Infinity":21,"f:138:2:138:3":6,"s:139:2:143:Infinity":22,"s:145:0:145:Infinity":23}}}
,"/Users/prakashsamanta/TheForge/hermes/hermes-frontend/src/components/ui/slider.tsx": {"path":"/Users/prakashsamanta/TheForge/hermes/hermes-frontend/src/components/ui/slider.tsx","statementMap":{"0":{"start":{"line":8,"column":15},"end":{"line":25,"column":null}},"1":{"start":{"line":12,"column":2},"end":{"line":24,"column":null}},"2":{"start":{"line":26,"column":0},"end":{"line":26,"column":null}}},"fnMap":{"0":{"name":"(anonymous_0)","decl":{"start":{"line":11,"column":2},"end":{"line":11,"column":3}},"loc":{"start":{"line":12,"column":2},"end":{"line":24,"column":null}},"line":12}},"branchMap":{},"s":{"0":1,"1":14,"2":1},"f":{"0":14},"b":{},"meta":{"lastBranch":0,"lastFunction":1,"lastStatement":3,"seen":{"s:8:15:25:Infinity":0,"f:11:2:11:3":0,"s:12:2:24:Infinity":1,"s:26:0:26:Infinity":2}}}
,"/Users/prakashsamanta/TheForge/hermes/hermes-frontend/src/components/ui/switch.tsx": {"path":"/Users/prakashsamanta/TheForge/hermes/hermes-frontend/src/components/ui/switch.tsx","statementMap":{"0":{"start":{"line":6,"column":15},"end":{"line":24,"column":null}},"1":{"start":{"line":10,"column":2},"end":{"line":23,"column":null}},"2":{"start":{"line":25,"column":0},"end":{"line":25,"column":null}}},"fnMap":{"0":{"name":"(anonymous_0)","decl":{"start":{"line":9,"column":2},"end":{"line":9,"column":3}},"loc":{"start":{"line":10,"column":2},"end":{"line":23,"column":null}},"line":10}},"branchMap":{},"s":{"0":2,"1":1,"2":2},"f":{"0":1},"b":{},"meta":{"lastBranch":0,"lastFunction":1,"lastStatement":3,"seen":{"s:6:15:24:Infinity":0,"f:9:2:9:3":0,"s:10:2:23:Infinity":1,"s:25:0:25:Infinity":2}}}
,"/Users/prakashsamanta/TheForge/hermes/hermes-frontend/src/lib/utils.ts": {"path":"/Users/prakashsamanta/TheForge/hermes/hermes-frontend/src/lib/utils.ts","statementMap":{"0":{"start":{"line":5,"column":2},"end":{"line":5,"column":null}}},"fnMap":{"0":{"name":"cn","decl":{"start":{"line":4,"column":16},"end":{"line":4,"column":22}},"loc":{"start":{"line":4,"column":44},"end":{"line":6,"column":null}},"line":4}},"branchMap":{},"s":{"0":269},"f":{"0":269},"b":{},"meta":{"lastBranch":0,"lastFunction":1,"lastStatement":1,"seen":{"f:4:16:4:22":0,"s:5:2:5:Infinity":0}}}
,"/Users/prakashsamanta/TheForge/hermes/hermes-frontend/src/pages/BacktestPage.tsx": {"path":"/Users/prakashsamanta/TheForge/hermes/hermes-frontend/src/pages/BacktestPage.tsx","statementMap":{"0":{"start":{"line":14,"column":26},"end":{"line":14,"column":null}},"1":{"start":{"line":15,"column":30},"end":{"line":15,"column":null}},"2":{"start":{"line":17,"column":42},"end":{"line":17,"column":null}},"3":{"start":{"line":18,"column":36},"end":{"line":18,"column":null}},"4":{"start":{"line":19,"column":22},"end":{"line":19,"column":null}},"5":{"start":{"line":22,"column":32},"end":{"line":22,"column":null}},"6":{"start":{"line":23,"column":28},"end":{"line":23,"column":null}},"7":{"start":{"line":24,"column":30},"end":{"line":24,"column":null}},"8":{"start":{"line":25,"column":34},"end":{"line":25,"column":null}},"9":{"start":{"line":27,"column":8},"end":{"line":27,"column":null}},"10":{"start":{"line":29,"column":2},"end":{"line":40,"column":null}},"11":{"start":{"line":30,"column":4},"end":{"line":38,"column":null}},"12":{"start":{"line":33,"column":8},"end":{"line":33,"column":null}},"13":{"start":{"line":34,"column":8},"end":{"line":36,"column":null}},"14":{"start":{"line":35,"column":10},"end":{"line":35,"column":null}},"15":{"start":{"line":42,"column":28},"end":{"line":53,"column":null}},"16":{"start":{"line":43,"column":4},"end":{"line":52,"column":null}},"17":{"start":{"line":55,"column":21},"end":{"line":55,"column":null}},"18":{"start":{"line":58,"column":28},"end":{"line":61,"column":null}},"19":{"start":{"line":63,"column":23},"end":{"line":66,"column":null}},"20":{"start":{"line":68,"column":2},"end":{"line":210,"column":null}}},"fnMap":{"0":{"name":"BacktestPage","decl":{"start":{"line":13,"column":16},"end":{"line":13,"column":31}},"loc":{"start":{"line":13,"column":31},"end":{"line":212,"column":null}},"line":13},"1":{"name":"(anonymous_1)","decl":{"start":{"line":29,"column":12},"end":{"line":29,"column":18}},"loc":{"start":{"line":29,"column":18},"end":{"line":40,"column":5}},"line":29},"2":{"name":"(anonymous_2)","decl":{"start":{"line":32,"column":12},"end":{"line":32,"column":13}},"loc":{"start":{"line":32,"column":22},"end":{"line":37,"column":7}},"line":32},"3":{"name":"(anonymous_3)","decl":{"start":{"line":42,"column":28},"end":{"line":42,"column":34}},"loc":{"start":{"line":42,"column":34},"end":{"line":53,"column":null}},"line":42}},"branchMap":{"0":{"loc":{"start":{"line":34,"column":8},"end":{"line":36,"column":null}},"type":"if","locations":[{"start":{"line":34,"column":8},"end":{"line":36,"column":null}},{"start":{},"end":{}}],"line":34},"1":{"loc":{"start":{"line":34,"column":12},"end":{"line":34,"column":55}},"type":"binary-expr","locations":[{"start":{"line":34,"column":12},"end":{"line":34,"column":31}},{"start":{"line":34,"column":31},"end":{"line":34,"column":55}}],"line":34},"2":{"loc":{"start":{"line":48,"column":18},"end":{"line":48,"column":null}},"type":"binary-expr","locations":[{"start":{"line":48,"column":18},"end":{"line":48,"column":31}},{"start":{"line":48,"column":31},"end":{"line":48,"column":null}}],"line":48},"3":{"loc":{"start":{"line":49,"column":16},"end":{"line":49,"column":null}},"type":"binary-expr","locations":[{"start":{"line":49,"column":16},"end":{"line":49,"column":27}},{"start":{"line":49,"column":27},"end":{"line":49,"column":null}}],"line":49},"4":{"loc":{"start":{"line":119,"column":13},"end":{"line":162,"column":null}},"type":"cond-expr","locations":[{"start":{"line":120,"column":14},"end":{"line":152,"column":null}},{"start":{"line":154,"column":14},"end":{"line":162,"column":null}}],"line":119},"5":{"loc":{"start":{"line":119,"column":13},"end":{"line":119,"column":null}},"type":"binary-expr","locations":[{"start":{"line":119,"column":13},"end":{"line":119,"column":27}},{"start":{"line":119,"column":27},"end":{"line":119,"column":null}}],"line":119},"6":{"loc":{"start":{"line":166,"column":11},"end":{"line":172,"column":null}},"type":"binary-expr","locations":[{"start":{"line":166,"column":11},"end":{"line":166,"column":null}},{"start":{"line":167,"column":12},"end":{"line":172,"column":null}}],"line":166},"7":{"loc":{"start":{"line":179,"column":11},"end":{"line":206,"column":null}},"type":"cond-expr","locations":[{"start":{"line":180,"column":12},"end":{"line":201,"column":null}},{"start":{"line":203,"column":12},"end":{"line":206,"column":null}}],"line":179}},"s":{"0":6,"1":6,"2":6,"3":6,"4":6,"5":6,"6":6,"7":6,"8":6,"9":6,"10":6,"11":4,"12":4,"13":4,"14":4,"15":6,"16":1,"17":6,"18":6,"19":6,"20":6},"f":{"0":6,"1":4,"2":4,"3":1},"b":{"0":[4,0],"1":[4,4],"2":[1,1],"3":[1,1],"4":[1,5],"5":[6,1],"6":[6,1],"7":[1,5]},"meta":{"lastBranch":8,"lastFunction":4,"lastStatement":21,"seen":{"f:13:16:13:31":0,"s:14:26:14:Infinity":0,"s:15:30:15:Infinity":1,"s:17:42:17:Infinity":2,"s:18:36:18:Infinity":3,"s:19:22:19:Infinity":4,"s:22:32:22:Infinity":5,"s:23:28:23:Infinity":6,"s:24:30:24:Infinity":7,"s:25:34:25:Infinity":8,"s:27:8:27:Infinity":9,"s:29:2:40:Infinity":10,"f:29:12:29:18":1,"s:30:4:38:Infinity":11,"f:32:12:32:13":2,"s:33:8:33:Infinity":12,"b:34:8:36:Infinity:undefined:undefined:undefined:undefined":0,"s:34:8:36:Infinity":13,"b:34:12:34:31:34:31:34:55":1,"s:35:10:35:Infinity":14,"s:42:28:53:Infinity":15,"f:42:28:42:34":3,"s:43:4:52:Infinity":16,"b:48:18:48:31:48:31:48:Infinity":2,"b:49:16:49:27:49:27:49:Infinity":3,"s:55:21:55:Infinity":17,"s:58:28:61:Infinity":18,"s:63:23:66:Infinity":19,"s:68:2:210:Infinity":20,"b:120:14:152:Infinity:154:14:162:Infinity":4,"b:119:13:119:27:119:27:119:Infinity":5,"b:166:11:166:Infinity:167:12:172:Infinity":6,"b:180:12:201:Infinity:203:12:206:Infinity":7}}}
}
